[debug] [2023-12-30T17:30:05.781Z] ----------------------------------------------------------------------
[debug] [2023-12-30T17:30:05.783Z] Command:       /Users/josesaldiascampusano/Library/Application Support/fnm/node-versions/v18.17.0/installation/bin/node /Users/josesaldiascampusano/Library/Caches/fnm_multishells/1464_1703901112717/bin/firebase deploy
[debug] [2023-12-30T17:30:05.784Z] CLI Version:   13.0.2
[debug] [2023-12-30T17:30:05.784Z] Platform:      darwin
[debug] [2023-12-30T17:30:05.784Z] Node Version:  v18.17.0
[debug] [2023-12-30T17:30:05.786Z] Time:          Sat Dec 30 2023 13:30:05 GMT-0400 (GMT-04:00)
[debug] [2023-12-30T17:30:05.786Z] ----------------------------------------------------------------------
[debug] 
[debug] [2023-12-30T17:30:05.862Z] > command requires scopes: ["email","openid","https://www.googleapis.com/auth/cloudplatformprojects.readonly","https://www.googleapis.com/auth/firebase","https://www.googleapis.com/auth/cloud-platform"]
[debug] [2023-12-30T17:30:05.863Z] > authorizing via signed-in user (jose.antonio.saldias@gmail.com)
[debug] [2023-12-30T17:30:05.863Z] [iam] checking project orbital-trackr for permissions ["firebase.projects.get","firebasehosting.sites.update"]
[debug] [2023-12-30T17:30:05.864Z] > refreshing access token with scopes: []
[debug] [2023-12-30T17:30:05.866Z] >>> [apiv2][query] POST https://www.googleapis.com/oauth2/v3/token [none]
[debug] [2023-12-30T17:30:05.866Z] >>> [apiv2][body] POST https://www.googleapis.com/oauth2/v3/token [omitted]
[debug] [2023-12-30T17:30:06.058Z] <<< [apiv2][status] POST https://www.googleapis.com/oauth2/v3/token 200
[debug] [2023-12-30T17:30:06.059Z] <<< [apiv2][body] POST https://www.googleapis.com/oauth2/v3/token [omitted]
[debug] [2023-12-30T17:30:06.115Z] >>> [apiv2][query] POST https://cloudresourcemanager.googleapis.com/v1/projects/orbital-trackr:testIamPermissions [none]
[debug] [2023-12-30T17:30:06.115Z] >>> [apiv2][(partial)header] POST https://cloudresourcemanager.googleapis.com/v1/projects/orbital-trackr:testIamPermissions x-goog-quota-user=projects/orbital-trackr
[debug] [2023-12-30T17:30:06.115Z] >>> [apiv2][body] POST https://cloudresourcemanager.googleapis.com/v1/projects/orbital-trackr:testIamPermissions {"permissions":["firebase.projects.get","firebasehosting.sites.update"]}
[debug] [2023-12-30T17:30:07.011Z] <<< [apiv2][status] POST https://cloudresourcemanager.googleapis.com/v1/projects/orbital-trackr:testIamPermissions 200
[debug] [2023-12-30T17:30:07.012Z] <<< [apiv2][body] POST https://cloudresourcemanager.googleapis.com/v1/projects/orbital-trackr:testIamPermissions {"permissions":["firebase.projects.get","firebasehosting.sites.update"]}
[debug] [2023-12-30T17:30:07.014Z] >>> [apiv2][query] GET https://firebase.googleapis.com/v1beta1/projects/orbital-trackr [none]
[debug] [2023-12-30T17:30:07.348Z] <<< [apiv2][status] GET https://firebase.googleapis.com/v1beta1/projects/orbital-trackr 200
[debug] [2023-12-30T17:30:07.348Z] <<< [apiv2][body] GET https://firebase.googleapis.com/v1beta1/projects/orbital-trackr {"projectId":"orbital-trackr","projectNumber":"1060241574626","displayName":"orbital-trackr","name":"projects/orbital-trackr","resources":{"hostingSite":"orbital-trackr"},"state":"ACTIVE","etag":"1_d9b70724-4720-4d1c-b063-3e0bf4cbcee9"}
